<?xml version="1.0" encoding="UTF-8"?>
<testsuite name="SandBoxTest" tests="1" skipped="0" failures="0" errors="0" timestamp="2021-11-15T19:43:41" hostname="EPESMALW00AF" time="0.004">
  <properties/>
  <testcase name="test_1" classname="SandBoxTest" time="0.004"/>
  <system-out><![CDATA[]]></system-out>
  <system-err><![CDATA[]]></system-err>
</testsuite>
